<?xml version="1.0" encoding="UTF-8"?>
<testng-results ignored="0" total="3" passed="3" failed="0" skipped="0">
  <reporter-output>
    <line>
      <![CDATA[createContWithOrgTest Test started]]>
    </line>
    <line>
      <![CDATA[createContactwithDateTest Test started]]>
    </line>
  </reporter-output>
  <suite started-at="2025-08-19T14:59:01 IST" name="Suite" finished-at="2025-08-19T15:01:48 IST" duration-ms="166942">
    <groups>
    </groups>
    <test started-at="2025-08-19T14:59:01 IST" name="Test" finished-at="2025-08-19T15:01:48 IST" duration-ms="166942">
      <class name="contacts.CreateContactsTest">
        <test-method is-config="true" signature="dbConnection()[pri:0, instance:contacts.CreateContactsTest@3eb25e1a]" started-at="2025-08-19T14:58:59 IST" name="dbConnection" finished-at="2025-08-19T14:59:01 IST" duration-ms="1872" status="PASS">
          <reporter-output>
          </reporter-output>
        </test-method> <!-- dbConnection -->
        <test-method is-config="true" signature="openBrowser()[pri:0, instance:contacts.CreateContactsTest@3eb25e1a]" started-at="2025-08-19T14:59:01 IST" name="openBrowser" finished-at="2025-08-19T14:59:14 IST" duration-ms="13384" status="PASS">
          <reporter-output>
          </reporter-output>
        </test-method> <!-- openBrowser -->
        <test-method is-config="true" signature="login()[pri:0, instance:contacts.CreateContactsTest@3eb25e1a]" started-at="2025-08-19T14:59:14 IST" name="login" finished-at="2025-08-19T14:59:27 IST" duration-ms="12078" status="PASS">
          <reporter-output>
          </reporter-output>
        </test-method> <!-- login -->
        <test-method signature="createContWithOrgTest(java.lang.reflect.Method)[pri:0, instance:contacts.CreateContactsTest@3eb25e1a]" started-at="2025-08-19T14:59:27 IST" name="createContWithOrgTest" finished-at="2025-08-19T15:00:26 IST" duration-ms="59625" status="PASS">
          <params>
            <param index="0">
              <value>
                <![CDATA[public void contacts.CreateContactsTest.createContWithOrgTest(java.lang.reflect.Method) throws org.apache.poi.EncryptedDocumentException,java.io.IOException,java.lang.InterruptedException]]>
              </value>
            </param>
          </params>
          <reporter-output>
            <line>
              <![CDATA[createContWithOrgTest Test started]]>
            </line>
          </reporter-output>
        </test-method> <!-- createContWithOrgTest -->
        <test-method is-config="true" signature="logout()[pri:0, instance:contacts.CreateContactsTest@3eb25e1a]" started-at="2025-08-19T15:00:26 IST" name="logout" finished-at="2025-08-19T15:00:32 IST" duration-ms="5505" status="PASS">
          <reporter-output>
          </reporter-output>
        </test-method> <!-- logout -->
        <test-method is-config="true" signature="login()[pri:0, instance:contacts.CreateContactsTest@3eb25e1a]" started-at="2025-08-19T15:00:32 IST" name="login" finished-at="2025-08-19T15:00:32 IST" duration-ms="797" status="PASS">
          <reporter-output>
          </reporter-output>
        </test-method> <!-- login -->
        <test-method signature="createContactTest(java.lang.reflect.Method)[pri:0, instance:contacts.CreateContactsTest@3eb25e1a]" started-at="2025-08-19T15:00:32 IST" name="createContactTest" finished-at="2025-08-19T15:01:04 IST" duration-ms="31974" status="PASS">
          <params>
            <param index="0">
              <value>
                <![CDATA[public void contacts.CreateContactsTest.createContactTest(java.lang.reflect.Method) throws java.io.IOException]]>
              </value>
            </param>
          </params>
          <reporter-output>
          </reporter-output>
        </test-method> <!-- createContactTest -->
        <test-method is-config="true" signature="logout()[pri:0, instance:contacts.CreateContactsTest@3eb25e1a]" started-at="2025-08-19T15:01:04 IST" name="logout" finished-at="2025-08-19T15:01:08 IST" duration-ms="3220" status="PASS">
          <reporter-output>
          </reporter-output>
        </test-method> <!-- logout -->
        <test-method is-config="true" signature="login()[pri:0, instance:contacts.CreateContactsTest@3eb25e1a]" started-at="2025-08-19T15:01:08 IST" name="login" finished-at="2025-08-19T15:01:08 IST" duration-ms="623" status="PASS">
          <reporter-output>
          </reporter-output>
        </test-method> <!-- login -->
        <test-method signature="createContactwithDateTest(java.lang.reflect.Method)[pri:0, instance:contacts.CreateContactsTest@3eb25e1a]" started-at="2025-08-19T15:01:08 IST" name="createContactwithDateTest" finished-at="2025-08-19T15:01:42 IST" duration-ms="33917" status="PASS">
          <params>
            <param index="0">
              <value>
                <![CDATA[public void contacts.CreateContactsTest.createContactwithDateTest(java.lang.reflect.Method) throws java.io.IOException,java.lang.InterruptedException]]>
              </value>
            </param>
          </params>
          <reporter-output>
            <line>
              <![CDATA[createContactwithDateTest Test started]]>
            </line>
          </reporter-output>
        </test-method> <!-- createContactwithDateTest -->
        <test-method is-config="true" signature="logout()[pri:0, instance:contacts.CreateContactsTest@3eb25e1a]" started-at="2025-08-19T15:01:42 IST" name="logout" finished-at="2025-08-19T15:01:47 IST" duration-ms="4571" status="PASS">
          <reporter-output>
          </reporter-output>
        </test-method> <!-- logout -->
        <test-method is-config="true" signature="closeBrowser()[pri:0, instance:contacts.CreateContactsTest@3eb25e1a]" started-at="2025-08-19T15:01:47 IST" name="closeBrowser" finished-at="2025-08-19T15:01:48 IST" duration-ms="743" status="PASS">
          <reporter-output>
          </reporter-output>
        </test-method> <!-- closeBrowser -->
        <test-method is-config="true" signature="closeDb()[pri:0, instance:contacts.CreateContactsTest@3eb25e1a]" started-at="2025-08-19T15:01:48 IST" name="closeDb" finished-at="2025-08-19T15:01:48 IST" duration-ms="15" status="PASS">
          <reporter-output>
          </reporter-output>
        </test-method> <!-- closeDb -->
      </class> <!-- contacts.CreateContactsTest -->
    </test> <!-- Test -->
  </suite> <!-- Suite -->
</testng-results>
