<?xml version="1.0" encoding="UTF-8"?>
<!-- Generated by org.testng.reporters.JUnitXMLReporter -->
<testsuite ignored="0" hostname="ViFam" failures="0" tests="3" name="Test2" time="353.36" errors="0" timestamp="2025-08-18T15:29:31 IST">
  <testcase classname="organization.CreateOrganizationTest" name="createOrg" time="89.759"/>
  <testcase classname="organization.CreateOrganizationTest" name="createOrgWithIndType" time="66.461"/>
  <testcase classname="organization.CreateOrganizationTest" name="createOrgWithPhone" time="66.901"/>
</testsuite> <!-- Test2 -->
