<?xml version="1.0" encoding="UTF-8"?>
<!-- Generated by org.testng.reporters.JUnitXMLReporter -->
<testsuite ignored="0" hostname="ViFam" failures="0" tests="3" name="Test" time="166.942" errors="0" timestamp="2025-08-19T15:01:48 IST">
  <testcase classname="contacts.CreateContactsTest" name="createContWithOrgTest" time="59.625"/>
  <testcase classname="contacts.CreateContactsTest" name="createContactTest" time="31.974"/>
  <testcase classname="contacts.CreateContactsTest" name="createContactwithDateTest" time="33.917"/>
</testsuite> <!-- Test -->
