<?xml version="1.0" encoding="UTF-8"?>
<!-- Generated by org.testng.reporters.JUnitXMLReporter -->
<testsuite ignored="0" hostname="ViFam" failures="0" tests="3" name="Test1" time="374.599" errors="0" timestamp="2025-08-18T15:29:52 IST">
  <testcase classname="contacts.CreateContactsTest" name="createContWithOrg" time="154.742"/>
  <testcase classname="contacts.CreateContactsTest" name="createContact" time="71.728"/>
  <testcase classname="contacts.CreateContactsTest" name="createContactwithDate" time="51.014"/>
</testsuite> <!-- Test1 -->
