<?xml version="1.0" encoding="UTF-8"?>
<!-- Generated by org.testng.reporters.JUnitXMLReporter -->
<testsuite ignored="0" hostname="ViFam" failures="0" tests="3" name="Default test" time="167.67" errors="0" timestamp="2025-08-18T18:21:35 IST">
  <testcase classname="contacts.CreateContactsTest" name="createContWithOrgTest" time="57.543"/>
  <testcase classname="contacts.CreateContactsTest" name="createContactTest" time="33.508"/>
  <testcase classname="contacts.CreateContactsTest" name="createContactwithDateTest" time="28.417"/>
</testsuite> <!-- Default test -->
